\BOOKMARK [0][-]{chapter*.3}{List of Figures}{}% 1
\BOOKMARK [0][-]{chapter*.4}{List of Tables}{}% 2
\BOOKMARK [0][-]{chapter.1}{Introduction}{}% 3
\BOOKMARK [1][-]{section.1.1}{*}{chapter.1}% 4
\BOOKMARK [1][-]{section.1.2}{Section}{chapter.1}% 5
\BOOKMARK [2][-]{subsection.1.2.1}{Subsection}{section.1.2}% 6
\BOOKMARK [3][-]{subsubsection.1.2.1.1}{Subsubsection}{subsection.1.2.1}% 7
\BOOKMARK [4][-]{paragraph.1.2.1.1.1}{Paragraph}{subsubsection.1.2.1.1}% 8
\BOOKMARK [5][-]{subparagraph.1.2.1.1.1.1}{Subparagraph}{paragraph.1.2.1.1.1}% 9
\BOOKMARK [0][-]{chapter.2}{Theory}{}% 10
\BOOKMARK [1][-]{section.2.1}{Figure}{chapter.2}% 11
\BOOKMARK [1][-]{section.2.2}{Equation}{chapter.2}% 12
\BOOKMARK [1][-]{section.2.3}{Table}{chapter.2}% 13
\BOOKMARK [1][-]{section.2.4}{Chemical structure}{chapter.2}% 14
\BOOKMARK [1][-]{section.2.5}{List}{chapter.2}% 15
\BOOKMARK [1][-]{section.2.6}{Source code listing}{chapter.2}% 16
\BOOKMARK [1][-]{section.2.7}{To-do note}{chapter.2}% 17
\BOOKMARK [0][-]{chapter.3}{Prestudy}{}% 18
\BOOKMARK [1][-]{section.3.1}{Repositories to analyze}{chapter.3}% 19
\BOOKMARK [2][-]{subsection.3.1.1}{Gathering parameter data}{section.3.1}% 20
\BOOKMARK [0][-]{chapter.4}{Methods}{}% 21
\BOOKMARK [0][-]{chapter.5}{Results}{}% 22
\BOOKMARK [0][-]{chapter.6}{Conclusion}{}% 23
\BOOKMARK [0][-]{chapter.6}{Bibliography}{}% 24
\BOOKMARK [0][-]{appendix.A}{Appendix 1}{}% 25
